<?xml version="1.0" encoding="UTF-8"?>
<testsuite name="SegundaManoMx" tests="2" skipped="0" failures="1" errors="0" timestamp="2020-08-27T20:28:36" hostname="MacBook-Pro-de-Sergio-2.local" time="10.042">
  <properties/>
  <testcase name="Get_Token" classname="SegundaManoMx" time="9.748">
    <failure message="java.lang.AssertionError: expected:&lt;200&gt; but was:&lt;7765&gt;" type="java.lang.AssertionError">java.lang.AssertionError: expected:&lt;200&gt; but was:&lt;7765&gt;
	at org.junit.Assert.fail(Assert.java:88)
	at org.junit.Assert.failNotEquals(Assert.java:834)
	at org.junit.Assert.assertEquals(Assert.java:645)
	at org.junit.Assert.assertEquals(Assert.java:631)
	at SegundaManoMx.Get_Token(SegundaManoMx.java:27)
	at sun.reflect.NativeMethodAccessorImpl.invoke0(Native Method)
	at sun.reflect.NativeMethodAccessorImpl.invoke(NativeMethodAccessorImpl.java:62)
	at sun.reflect.DelegatingMethodAccessorImpl.invoke(DelegatingMethodAccessorImpl.java:43)
	at java.lang.reflect.Method.invoke(Method.java:498)
	at org.junit.runners.model.FrameworkMethod$1.runReflectiveCall(FrameworkMethod.java:50)
	at org.junit.internal.runners.model.ReflectiveCallable.run(ReflectiveCallable.java:12)
	at org.junit.runners.model.FrameworkMethod.invokeExplosively(FrameworkMethod.java:47)
	at org.junit.internal.runners.statements.InvokeMethod.evaluate(InvokeMethod.java:17)
	at org.junit.runners.ParentRunner.runLeaf(ParentRunner.java:325)
	at org.junit.runners.BlockJUnit4ClassRunner.runChild(BlockJUnit4ClassRunner.java:78)
	at org.junit.runners.BlockJUnit4ClassRunner.runChild(BlockJUnit4ClassRunner.java:57)
	at org.junit.runners.ParentRunner$3.run(ParentRunner.java:290)
	at org.junit.runners.ParentRunner$1.schedule(ParentRunner.java:71)
	at org.junit.runners.ParentRunner.runChildren(ParentRunner.java:288)
	at org.junit.runners.ParentRunner.access$000(ParentRunner.java:58)
	at org.junit.runners.ParentRunner$2.evaluate(ParentRunner.java:268)
	at org.junit.runners.ParentRunner.run(ParentRunner.java:363)
	at org.gradle.api.internal.tasks.testing.junit.JUnitTestClassExecutor.runTestClass(JUnitTestClassExecutor.java:110)
	at org.gradle.api.internal.tasks.testing.junit.JUnitTestClassExecutor.execute(JUnitTestClassExecutor.java:58)
	at org.gradle.api.internal.tasks.testing.junit.JUnitTestClassExecutor.execute(JUnitTestClassExecutor.java:38)
	at org.gradle.api.internal.tasks.testing.junit.AbstractJUnitTestClassProcessor.processTestClass(AbstractJUnitTestClassProcessor.java:62)
	at org.gradle.api.internal.tasks.testing.SuiteTestClassProcessor.processTestClass(SuiteTestClassProcessor.java:51)
	at sun.reflect.NativeMethodAccessorImpl.invoke0(Native Method)
	at sun.reflect.NativeMethodAccessorImpl.invoke(NativeMethodAccessorImpl.java:62)
	at sun.reflect.DelegatingMethodAccessorImpl.invoke(DelegatingMethodAccessorImpl.java:43)
	at java.lang.reflect.Method.invoke(Method.java:498)
	at org.gradle.internal.dispatch.ReflectionDispatch.dispatch(ReflectionDispatch.java:36)
	at org.gradle.internal.dispatch.ReflectionDispatch.dispatch(ReflectionDispatch.java:24)
	at org.gradle.internal.dispatch.ContextClassLoaderDispatch.dispatch(ContextClassLoaderDispatch.java:33)
	at org.gradle.internal.dispatch.ProxyDispatchAdapter$DispatchingInvocationHandler.invoke(ProxyDispatchAdapter.java:94)
	at com.sun.proxy.$Proxy2.processTestClass(Unknown Source)
	at org.gradle.api.internal.tasks.testing.worker.TestWorker.processTestClass(TestWorker.java:118)
	at sun.reflect.NativeMethodAccessorImpl.invoke0(Native Method)
	at sun.reflect.NativeMethodAccessorImpl.invoke(NativeMethodAccessorImpl.java:62)
	at sun.reflect.DelegatingMethodAccessorImpl.invoke(DelegatingMethodAccessorImpl.java:43)
	at java.lang.reflect.Method.invoke(Method.java:498)
	at org.gradle.internal.dispatch.ReflectionDispatch.dispatch(ReflectionDispatch.java:36)
	at org.gradle.internal.dispatch.ReflectionDispatch.dispatch(ReflectionDispatch.java:24)
	at org.gradle.internal.remote.internal.hub.MessageHubBackedObjectConnection$DispatchWrapper.dispatch(MessageHubBackedObjectConnection.java:182)
	at org.gradle.internal.remote.internal.hub.MessageHubBackedObjectConnection$DispatchWrapper.dispatch(MessageHubBackedObjectConnection.java:164)
	at org.gradle.internal.remote.internal.hub.MessageHub$Handler.run(MessageHub.java:412)
	at org.gradle.internal.concurrent.ExecutorPolicy$CatchAndRecordFailures.onExecute(ExecutorPolicy.java:64)
	at org.gradle.internal.concurrent.ManagedExecutorImpl$1.run(ManagedExecutorImpl.java:48)
	at java.util.concurrent.ThreadPoolExecutor.runWorker(ThreadPoolExecutor.java:1142)
	at java.util.concurrent.ThreadPoolExecutor$Worker.run(ThreadPoolExecutor.java:617)
	at org.gradle.internal.concurrent.ThreadFactoryImpl$ManagedThreadRunnable.run(ThreadFactoryImpl.java:56)
	at java.lang.Thread.run(Thread.java:745)
</failure>
  </testcase>
  <testcase name="VerCategorias" classname="SegundaManoMx" time="0.294"/>
  <system-out><![CDATA[Request method:	POST
Request URI:	https://webapi.segundamano.mx/nga/api/v1.1/private/accounts?lang=es
Proxy:			<none>
Request params:	<none>
Query params:	lang=es
Form params:	<none>
Path params:	<none>
Headers:		Authorization=Basic bHAubHVsdTc3QGdtYWlsLmNvbTpQdWdCM3J0MC4uLiFf
				Accept=*/*
				Content-Type=application/x-www-form-urlencoded; charset=ISO-8859-1
Cookies:		<none>
Multiparts:		<none>
Body:			<none>
Response body: {"access_token":"mc1xb7e20edade99cb30dc9b9237ae0b9e4255efa29b_v2","account":{"account_id":"/private/accounts/10805975","can_publish":true,"email":"lp.lulu77@gmail.com","locations":[{"code":"16","key":"region","label":"Jalisco","locations":[{"code":"670","key":"municipality","label":"Zapopan"}]}],"name":"Agente 77","phone":"1234567890","phone_hidden":false,"professional":false,"rfc":"","uuid":"f786ea2a-d685-40ce-8dae-6282b760e317"},"ad_events":{"24h":{"calls":0,"mails":0,"phone_views":0,"views":0},"7d":{"calls":0,"mails":0,"phone_views":0,"views":0},"total":{"calls":0,"mails":0,"phone_views":0,"views":0}},"token_type":"tag:scmcoord.com,2013:api"}
Validar estatus sea 200: 200
Validar body contiene Jalisco: 
Validar tiempo respuesta sea menor 200 :7765
Request method:	GET
Request URI:	https://webapi.segundamano.mx/nga/api/v1/public/categories/insert
Proxy:			<none>
Request params:	<none>
Query params:	<none>
Form params:	<none>
Path params:	<none>
Headers:		Accept=application/json
Cookies:		<none>
Multiparts:		<none>
Body:			<none>
Validar estatus sea 200: 200
Validar body contenga categorías: {"categories":[{"categories":[{"code":"1020","icon":"http://www.segundamano.mx/img/nga/inmuebles.png","label":"Venta inmuebles","max_images":20,"region_picker_level":"area"},{"code":"1040","icon":"http://www.segundamano.mx/img/nga/inmuebles.png","label":"Renta inmuebles","max_images":20,"region_picker_level":"area"},{"code":"1060","icon":"http://www.segundamano.mx/img/nga/inmuebles.png","label":"Traspasos","max_images":20,"region_picker_level":"area"},{"code":"1080","icon":"http://www.segundamano.mx/img/nga/inmuebles.png","label":"Rentas vacacionales","max_images":20,"region_picker_level":"area"}],"code":"1000","icon":"http://www.segundamano.mx/img/nga/inmuebles.png","label":"Inmuebles","max_images":0,"region_picker_level":"area"},{"categories":[{"categories":[{"code":"2021","icon":"http://www.segundamano.mx/img/nga/vehiculos.png","label":"Autos","max_images":10,"region_picker_level":"area"},{"code":"2022","icon":"http://www.segundamano.mx/img/nga/vehiculos.png","label":"Suv, Jeep y Van","max_images":10,"region_picker_level":"area"},{"code":"2023","icon":"http://www.segundamano.mx/img/nga/vehiculos.png","label":"Pick up","max_images":10,"region_picker_level":"area"}],"code":"2020","icon":"http://www.segundamano.mx/img/nga/vehiculos.png","label":"Automóviles y camionetas","max_images":0,"region_picker_level":"area"},{"code":"2040","icon":"http://www.segundamano.mx/img/nga/vehiculos.png","label":"Motocicletas","max_images":10,"region_picker_level":"area"},{"categories":[{"code":"2121","icon":"http://www.segundamano.mx/img/nga/vehiculos.png","label":"Autoestereos y sonido","max_images":10,"region_picker_level":"area"},{"code":"2122","icon":"http://www.segundamano.mx/img/nga/vehiculos.png","label":"Refacciones y otras","max_images":10,"region_picker_level":"area"},{"code":"2123","icon":"http://www.segundamano.mx/img/nga/vehiculos.png","label":"Rines y llantas","max_images":10,"region_picker_level":"area"},{"code":"2124","icon":"http://www.segundamano.mx/img/nga/vehiculos.png","label":"Remolques y cajas secas","max_images":10,"region_picker_level":"area"}],"code":"2120","icon":"http://www.segundamano.mx/img/nga/vehiculos.png","label":"Accesorios y piezas","max_images":0,"region_picker_level":"area"},{"code":"2080","icon":"http://www.segundamano.mx/img/nga/vehiculos.png","label":"Camiones, comerciales y casas rodantes","max_images":10,"region_picker_level":"area"},{"code":"2060","icon":"http://www.segundamano.mx/img/nga/vehiculos.png","label":"Náutica y aéreos","max_images":10,"region_picker_level":"area"}],"code":"2000","icon":"http://www.segundamano.mx/img/nga/vehiculos.png","label":"Vehículos","max_images":0,"region_picker_level":"area"},{"categories":[{"categories":[{"code":"5041","icon":"http://www.segundamano.mx/img/nga/computadoras_y_electronica.png","label":"Telefonía","max_images":10,"region_picker_level":"area"},{"code":"5042","icon":"http://www.segundamano.mx/img/nga/computadoras_y_electronica.png","label":"Accesorios","max_images":10,"region_picker_level":"area"}],"code":"5040","icon":"http://www.segundamano.mx/img/nga/computadoras_y_electronica.png","label":"Celulares y teléfonos","max_images":0,"region_picker_level":"area"},{"code":"5080","icon":"http://www.segundamano.mx/img/nga/computadoras_y_electronica.png","label":"Audio, tv, video y fotografía","max_images":10,"region_picker_level":"area"},{"categories":[{"code":"5021","icon":"http://www.segundamano.mx/img/nga/computadoras_y_electronica.png","label":"Laptops, PC y tabletas","max_images":10,"region_picker_level":"area"},{"code":"5022","icon":"http://www.segundamano.mx/img/nga/computadoras_y_electronica.png","label":"Accesorios, juegos y programas","max_images":10,"region_picker_level":"area"}],"code":"5020","icon":"http://www.segundamano.mx/img/nga/computadoras_y_electronica.png","label":"Computadoras y accesorios","max_images":0,"region_picker_level":"area"},{"code":"5060","icon":"http://www.segundamano.mx/img/nga/computadoras_y_electronica.png","label":"Consolas y videojuegos","max_images":10,"region_picker_level":"area"}],"code":"5000","icon":"http://www.segundamano.mx/img/nga/computadoras_y_electronica.png","label":"Computación y electrónica","max_images":0,"region_picker_level":"area"},{"categories":[{"categories":[{"code":"3041","icon":"http://www.segundamano.mx/img/nga/tu_hogar_y_tu.png","label":"Ventilación y calefacción","max_images":10,"region_picker_level":"area"},{"code":"3042","icon":"http://www.segundamano.mx/img/nga/tu_hogar_y_tu.png","label":"Utensilios de cocina","max_images":10,"region_picker_level":"area"},{"code":"3043","icon":"http://www.segundamano.mx/img/nga/tu_hogar_y_tu.png","label":"Electrodomésticos y línea blanca","max_images":10,"region_picker_level":"area"},{"code":"3044","icon":"http://www.segundamano.mx/img/nga/tu_hogar_y_tu.png","label":"Blancos, organización y limpieza","max_images":10,"region_picker_level":"area"}],"code":"3040","icon":"http://www.segundamano.mx/img/nga/tu_hogar_y_tu.png","label":"Todo para tu casa","max_images":0,"region_picker_level":"area"},{"code":"3020","icon":"http://www.segundamano.mx/img/nga/tu_hogar_y_tu.png","label":"Jardín, herramientas y exteriores","max_images":10,"region_picker_level":"area"},{"categories":[{"code":"3061","icon":"http://www.segundamano.mx/img/nga/tu_hogar_y_tu.png","label":"Vestidos, faldas, trajes","max_images":10,"region_picker_level":"area"},{"code":"3062","icon":"http://www.segundamano.mx/img/nga/tu_hogar_y_tu.png","label":"Zapatos","max_images":10,"region_picker_level":"area"},{"code":"3063","icon":"http://www.segundamano.mx/img/nga/tu_hogar_y_tu.png","label":"Playeras y camisas","max_images":10,"region_picker_level":"area"},{"code":"3064","icon":"http://www.segundamano.mx/img/nga/tu_hogar_y_tu.png","label":"Pantalones y shorts","max_images":10,"region_picker_level":"area"},{"code":"3065","icon":"http://www.segundamano.mx/img/nga/tu_hogar_y_tu.png","label":"Sweaters, abrigos y chamarras","max_images":10,"region_picker_level":"area"},{"code":"3066","icon":"http://www.segundamano.mx/img/nga/tu_hogar_y_tu.png","label":"Otras prendas de vestir","max_images":10,"region_picker_level":"area"}],"code":"3060","icon":"http://www.segundamano.mx/img/nga/tu_hogar_y_tu.png","label":"Ropa y calzado","max_images":0,"region_picker_level":"area"},{"categories":[{"code":"3101","icon":"http://www.segundamano.mx/img/nga/tu_hogar_y_tu.png","label":"Ropa, calzado y accesorios","max_images":10,"region_picker_level":"area"},{"code":"3102","icon":"http://www.segundamano.mx/img/nga/tu_hogar_y_tu.png","label":"Juguetes","max_images":10,"region_picker_level":"area"},{"code":"3103","icon":"http://www.segundamano.mx/img/nga/tu_hogar_y_tu.png","label":"Sillas y carriolas","max_images":10,"region_picker_level":"area"},{"code":"3104","icon":"http://www.segundamano.mx/img/nga/tu_hogar_y_tu.png","label":"Muebles y blancos","max_images":10,"region_picker_level":"area"},{"code":"3105","icon":"http://www.segundamano.mx/img/nga/tu_hogar_y_tu.png","label":"Cuidado y nutrición","max_images":10,"region_picker_level":"area"}],"code":"3100","icon":"http://www.segundamano.mx/img/nga/tu_hogar_y_tu.png","label":"Bebés y niños","max_images":0,"region_picker_level":"area"},{"categories":[{"code":"3081","icon":"http://www.segundamano.mx/img/nga/tu_hogar_y_tu.png","label":"Relojes","max_images":10,"region_picker_level":"area"},{"code":"3082","icon":"http://www.segundamano.mx/img/nga/tu_hogar_y_tu.png","label":"Joyas y bisutería","max_images":10,"region_picker_level":"area"},{"code":"3083","icon":"http://www.segundamano.mx/img/nga/tu_hogar_y_tu.png","label":"Bolsas, carteras y cinturones","max_images":10,"region_picker_level":"area"},{"code":"3084","icon":"http://www.segundamano.mx/img/nga/tu_hogar_y_tu.png","label":"Lentes, gorras y otros accesorios","max_images":10,"region_picker_level":"area"}],"code":"3080","icon":"http://www.segundamano.mx/img/nga/tu_hogar_y_tu.png","label":"Accesorios y joyería","max_images":0,"region_picker_level":"area"},{"categories":[{"code":"3121","icon":"http://www.segundamano.mx/img/nga/tu_hogar_y_tu.png","label":"Sala","max_images":10,"region_picker_level":"area"},{"code":"3122","icon":"http://www.segundamano.mx/img/nga/tu_hogar_y_tu.png","label":"Recámara","max_images":10,"region_picker_level":"area"},{"code":"3123","icon":"http://www.segundamano.mx/img/nga/tu_hogar_y_tu.png","label":"Comedor","max_images":10,"region_picker_level":"area"},{"code":"3124","icon":"http://www.segundamano.mx/img/nga/tu_hogar_y_tu.png","label":"Artículos de decoración","max_images":10,"region_picker_level":"area"},{"code":"3125","icon":"http://www.segundamano.mx/img/nga/tu_hogar_y_tu.png","label":"Otros muebles","max_images":10,"region_picker_level":"area"}],"code":"3120","icon":"http://www.segundamano.mx/img/nga/tu_hogar_y_tu.png","label":"Muebles y decoración","max_images":0,"region_picker_level":"area"}],"code":"3000","icon":"http://www.segundamano.mx/img/nga/tu_hogar_y_tu.png","label":"Tu hogar y tú","max_images":0,"region_picker_level":"area"},{"categories":[{"code":"6020","icon":"http://www.segundamano.mx/img/nga/empleo_y_educacion.png","label":"Ofertas de empleo","max_images":10,"region_picker_level":"area"},{"code":"6040","icon":"http://www.segundamano.mx/img/nga/empleo_y_educacion.png","label":"Busco empleo","max_images":10,"region_picker_level":"area"},{"code":"6060","icon":"http://www.segundamano.mx/img/nga/empleo_y_educacion.png","label":"Educación","max_images":10,"region_picker_level":"area"}],"code":"6000","icon":"http://www.segundamano.mx/img/nga/empleo_y_educacion.png","label":"Empleo y educación","max_images":0,"region_picker_level":"area"},{"categories":[{"categories":[{"code":"4021","icon":"http://www.segundamano.mx/img/nga/tiempo_libre.png","label":"Animales","max_images":10,"region_picker_level":"area"},{"code":"4022","icon":"http://www.segundamano.mx/img/nga/tiempo_libre.png","label":"Accesorios, cuidado y nutrición","max_images":10,"region_picker_level":"area"}],"code":"4020","icon":"http://www.segundamano.mx/img/nga/tiempo_libre.png","label":"Animales y mascotas","max_images":0,"region_picker_level":"area"},{"categories":[{"code":"4041","icon":"http://www.segundamano.mx/img/nga/tiempo_libre.png","label":"Ropa y calzado deportivo","max_images":10,"region_picker_level":"area"},{"code":"4042","icon":"http://www.segundamano.mx/img/nga/tiempo_libre.png","label":"Equipo, accesorios y hobbies","max_images":10,"region_picker_level":"area"}],"code":"4040","icon":"http://www.segundamano.mx/img/nga/tiempo_libre.png","label":"Deportes y hobbies","max_images":0,"region_picker_level":"area"},{"code":"4060","icon":"http://www.segundamano.mx/img/nga/tiempo_libre.png","label":"Instrumentos musicales","max_images":10,"region_picker_level":"area"},{"code":"4100","icon":"http://www.segundamano.mx/img/nga/tiempo_libre.png","label":"Coleccionismo","max_images":10,"region_picker_level":"area"},{"code":"4080","icon":"http://www.segundamano.mx/img/nga/tiempo_libre.png","label":"Música, libros y películas","max_images":10,"region_picker_level":"area"},{"code":"4120","icon":"http://www.segundamano.mx/img/nga/tiempo_libre.png","label":"Salud y belleza","max_images":10,"region_picker_level":"area"},{"code":"4140","icon":"http://www.segundamano.mx/img/nga/tiempo_libre.png","label":"Papelería, escolares y oficina","max_images":10,"region_picker_level":"area"}],"code":"4000","icon":"http://www.segundamano.mx/img/nga/tiempo_libre.png","label":"Tiempo libre","max_images":0,"region_picker_level":"area"},{"categories":[{"categories":[{"code":"8021","icon":"http://www.segundamano.mx/img/nga/servicios.png","label":"Construcción","max_images":10,"region_picker_level":"area"},{"code":"8022","icon":"http://www.segundamano.mx/img/nga/servicios.png","label":"Diseño","max_images":10,"region_picker_level":"area"},{"code":"8023","icon":"http://www.segundamano.mx/img/nga/servicios.png","label":"Decoración de interiores","max_images":10,"region_picker_level":"area"},{"code":"8024","icon":"http://www.segundamano.mx/img/nga/servicios.png","label":"Remodelaciones","max_images":10,"region_picker_level":"area"},{"code":"8025","icon":"http://www.segundamano.mx/img/nga/servicios.png","label":"Jardinería","max_images":10,"region_picker_level":"area"},{"code":"8026","icon":"http://www.segundamano.mx/img/nga/servicios.png","label":"Persianas y pisos","max_images":10,"region_picker_level":"area"},{"code":"8027","icon":"http://www.segundamano.mx/img/nga/servicios.png","label":"Carpinteros","max_images":10,"region_picker_level":"area"},{"code":"8028","icon":"http://www.segundamano.mx/img/nga/servicios.png","label":"Electricista","max_images":10,"region_picker_level":"area"},{"code":"8029","icon":"http://www.segundamano.mx/img/nga/servicios.png","label":"Herrería","max_images":10,"region_picker_level":"area"},{"code":"8030","icon":"http://www.segundamano.mx/img/nga/servicios.png","label":"Albañiles","max_images":10,"region_picker_level":"area"},{"code":"8031","icon":"http://www.segundamano.mx/img/nga/servicios.png","label":"Plomero","max_images":10,"region_picker_level":"area"},{"code":"8032","icon":"http://www.segundamano.mx/img/nga/servicios.png","label":"Pintor","max_images":10,"region_picker_level":"area"},{"code":"8033","icon":"http://www.segundamano.mx/img/nga/servicios.png","label":"Limpieza","max_images":10,"region_picker_level":"area"},{"code":"8034","icon":"http://www.segundamano.mx/img/nga/servicios.png","label":"Mantenimiento de Inmuebles","max_images":10,"region_picker_level":"area"}],"code":"8020","icon":"http://www.segundamano.mx/img/nga/servicios.png","label":"Remodelaciones y mantenimiento","max_images":0,"region_picker_level":"area"},{"categories":[{"code":"8041","icon":"http://www.segundamano.mx/img/nga/servicios.png","label":"Arquitectos","max_images":10,"region_picker_level":"area"},{"code":"8042","icon":"http://www.segundamano.mx/img/nga/servicios.png","label":"Abogados","max_images":10,"region_picker_level":"area"},{"code":"8043","icon":"http://www.segundamano.mx/img/nga/servicios.png","label":"Contadores","max_images":10,"region_picker_level":"area"},{"code":"8044","icon":"http://www.segundamano.mx/img/nga/servicios.png","label":"Administración","max_images":10,"region_picker_level":"area"},{"code":"8045","icon":"http://www.segundamano.mx/img/nga/servicios.png","label":"Más profesionales","max_images":10,"region_picker_level":"area"}],"code":"8040","icon":"http://www.segundamano.mx/img/nga/servicios.png","label":"Profesionales","max_images":0,"region_picker_level":"area"},{"categories":[{"code":"8061","icon":"http://www.segundamano.mx/img/nga/servicios.png","label":"Equipo ligero","max_images":10,"region_picker_level":"area"},{"code":"8062","icon":"http://www.segundamano.mx/img/nga/servicios.png","label":"Grúas","max_images":10,"region_picker_level":"area"},{"code":"8063","icon":"http://www.segundamano.mx/img/nga/servicios.png","label":"Maquinaria y equipo pesado","max_images":10,"region_picker_level":"area"}],"code":"8060","icon":"http://www.segundamano.mx/img/nga/servicios.png","label":"Renta de maquinaria y equipo","max_images":0,"region_picker_level":"area"},{"categories":[{"code":"8081","icon":"http://www.segundamano.mx/img/nga/servicios.png","label":"Celulares","max_images":10,"region_picker_level":"area"},{"code":"8082","icon":"http://www.segundamano.mx/img/nga/servicios.png","label":"Computadoras y laptops","max_images":10,"region_picker_level":"area"},{"code":"8083","icon":"http://www.segundamano.mx/img/nga/servicios.png","label":"Línea Blanca","max_images":10,"region_picker_level":"area"},{"code":"8084","icon":"http://www.segundamano.mx/img/nga/servicios.png","label":"Aire acondicionado","max_images":10,"region_picker_level":"area"},{"code":"8085","icon":"http://www.segundamano.mx/img/nga/servicios.png","label":"Equipos industriales","max_images":10,"region_picker_level":"area"},{"code":"8086","icon":"http://www.segundamano.mx/img/nga/servicios.png","label":"Otros equipos electrónicos","max_images":10,"region_picker_level":"area"}],"code":"8080","icon":"http://www.segundamano.mx/img/nga/servicios.png","label":"Reparación de equipo","max_images":0,"region_picker_level":"area"},{"code":"8100","icon":"http://www.segundamano.mx/img/nga/servicios.png","label":"Internet y Comunicaciones","max_images":10,"region_picker_level":"area"},{"categories":[{"code":"8121","icon":"http://www.segundamano.mx/img/nga/servicios.png","label":"Mudanzas y fletes","max_images":10,"region_picker_level":"area"},{"code":"8122","icon":"http://www.segundamano.mx/img/nga/servicios.png","label":"Transporte de pasajeros","max_images":10,"region_picker_level":"area"}],"code":"8120","icon":"http://www.segundamano.mx/img/nga/servicios.png","label":"Transportes","max_images":0,"region_picker_level":"area"},{"categories":[{"code":"8141","icon":"http://www.segundamano.mx/img/nga/servicios.png","label":"Foto y video","max_images":10,"region_picker_level":"area"},{"code":"8142","icon":"http://www.segundamano.mx/img/nga/servicios.png","label":"Salon de eventos","max_images":10,"region_picker_level":"area"},{"code":"8143","icon":"http://www.segundamano.mx/img/nga/servicios.png","label":"Organización de eventos","max_images":10,"region_picker_level":"area"},{"code":"8144","icon":"http://www.segundamano.mx/img/nga/servicios.png","label":"Comida para fiestas","max_images":10,"region_picker_level":"area"},{"code":"8145","icon":"http://www.segundamano.mx/img/nga/servicios.png","label":"Alquiler de Equipamiento","max_images":10,"region_picker_level":"area"},{"code":"8146","icon":"http://www.segundamano.mx/img/nga/servicios.png","label":"Música para eventos","max_images":10,"region_picker_level":"area"}],"code":"8140","icon":"http://www.segundamano.mx/img/nga/servicios.png","label":"Eventos","max_images":0,"region_picker_level":"area"},{"categories":[{"code":"8161","icon":"http://www.segundamano.mx/img/nga/servicios.png","label":"Taller Mecánico","max_images":10,"region_picker_level":"area"},{"code":"8162","icon":"http://www.segundamano.mx/img/nga/servicios.png","label":"Hojalatería y pintura","max_images":10,"region_picker_level":"area"},{"code":"8163","icon":"http://www.segundamano.mx/img/nga/servicios.png","label":"Autolavado","max_images":10,"region_picker_level":"area"}],"code":"8160","icon":"http://www.segundamano.mx/img/nga/servicios.png","label":"Mantenimiento de Autos","max_images":0,"region_picker_level":"area"},{"categories":[{"code":"8181","icon":"http://www.segundamano.mx/img/nga/servicios.png","label":"Peluquería","max_images":10,"region_picker_level":"area"},{"code":"8182","icon":"http://www.segundamano.mx/img/nga/servicios.png","label":"Depilación","max_images":10,"region_picker_level":"area"},{"code":"8183","icon":"http://www.segundamano.mx/img/nga/servicios.png","label":"Manicura y Pedicura","max_images":10,"region_picker_level":"area"},{"code":"8184","icon":"http://www.segundamano.mx/img/nga/servicios.png","label":"Maquillaje","max_images":10,"region_picker_level":"area"},{"code":"8185","icon":"http://www.segundamano.mx/img/nga/servicios.png","label":"Masajes y Spa","max_images":10,"region_picker_level":"area"}],"code":"8180","icon":"http://www.segundamano.mx/img/nga/servicios.png","label":"Cuidado personal, belleza y estética","max_images":0,"region_picker_level":"area"},{"categories":[{"code":"8201","icon":"http://www.segundamano.mx/img/nga/servicios.png","label":"Diseño gráfico y digital","max_images":10,"region_picker_level":"area"},{"code":"8202","icon":"http://www.segundamano.mx/img/nga/servicios.png","label":"Imprenta","max_images":10,"region_picker_level":"area"},{"code":"8203","icon":"http://www.segundamano.mx/img/nga/servicios.png","label":"Promocionales","max_images":10,"region_picker_level":"area"}],"code":"8200","icon":"http://www.segundamano.mx/img/nga/servicios.png","label":"Publicidad","max_images":0,"region_picker_level":"area"},{"categories":[{"code":"8221","icon":"http://www.segundamano.mx/img/nga/servicios.png","label":"Veterinarias","max_images":10,"region_picker_level":"area"},{"code":"8222","icon":"http://www.segundamano.mx/img/nga/servicios.png","label":"Paseadores y cuidadores","max_images":10,"region_picker_level":"area"},{"code":"8223","icon":"http://www.segundamano.mx/img/nga/servicios.png","label":"Estética canina","max_images":10,"region_picker_level":"area"}],"code":"8220","icon":"http://www.segundamano.mx/img/nga/servicios.png","label":"Servicios para mascota","max_images":0,"region_picker_level":"area"},{"categories":[{"code":"8241","icon":"http://www.segundamano.mx/img/nga/servicios.png","label":"Accesorios y servicios funerarios","max_images":10,"region_picker_level":"area"},{"code":"8242","icon":"http://www.segundamano.mx/img/nga/servicios.png","label":"Fabricación","max_images":10,"region_picker_level":"area"},{"code":"8243","icon":"http://www.segundamano.mx/img/nga/servicios.png","label":"Varios","max_images":10,"region_picker_level":"area"}],"code":"8240","icon":"http://www.segundamano.mx/img/nga/servicios.png","label":"Otros Servicios","max_images":0,"region_picker_level":"area"}],"code":"8000","icon":"http://www.segundamano.mx/img/nga/servicios.png","label":"Servicios","max_images":0,"region_picker_level":"area"},{"categories":[{"code":"9020","icon":"http://www.segundamano.mx/img/nga/negocios_y_servicios.png","label":"Venta y Traspasos","max_images":10,"region_picker_level":"area"},{"categories":[{"code":"9041","icon":"http://www.segundamano.mx/img/nga/negocios_y_servicios.png","label":"Alimentos","max_images":10,"region_picker_level":"area"},{"code":"9042","icon":"http://www.segundamano.mx/img/nga/negocios_y_servicios.png","label":"Mobiliario","max_images":10,"region_picker_level":"area"},{"code":"9043","icon":"http://www.segundamano.mx/img/nga/negocios_y_servicios.png","label":"Industrial","max_images":10,"region_picker_level":"area"}],"code":"9040","icon":"http://www.segundamano.mx/img/nga/negocios_y_servicios.png","label":"Equipamiento e Insumos","max_images":0,"region_picker_level":"area"}],"code":"9000","icon":"http://www.segundamano.mx/img/nga/negocios_y_servicios.png","label":"Negocios e Industria","max_images":0,"region_picker_level":"area"}]}
]]></system-out>
  <system-err><![CDATA[SLF4J: Failed to load class "org.slf4j.impl.StaticLoggerBinder".
SLF4J: Defaulting to no-operation (NOP) logger implementation
SLF4J: See http://www.slf4j.org/codes.html#StaticLoggerBinder for further details.
]]></system-err>
</testsuite>
